# JRE version: Java(TM) SE Runtime Environment (8.0_181-b13) (build 1.8.0_181-b13)
# Java VM: Java HotSpot(TM) 64-Bit Server VM (25.181-b13 mixed mode linux-amd64 compressed oops)
Heap:
 def new generation   total 5824K, used 0K [0x00000000e0000000, 0x00000000e0650000, 0x00000000eaaa0000)
  eden space 5184K,   0% used [0x00000000e0000000, 0x00000000e0000000, 0x00000000e0510000)
  from space 640K,   0% used [0x00000000e0510000, 0x00000000e0510000, 0x00000000e05b0000)
  to   space 640K,   0% used [0x00000000e05b0000, 0x00000000e05b0000, 0x00000000e0650000)
 tenured generation   total 12868K, used 7718K [0x00000000eaaa0000, 0x00000000eb731000, 0x0000000100000000)
   the space 12868K,  59% used [0x00000000eaaa0000, 0x00000000eb229bf0, 0x00000000eb229c00, 0x00000000eb731000)
 Metaspace       used 24728K, capacity 24958K, committed 25344K, reserved 1071104K
  class space    used 2884K, capacity 2972K, committed 3072K, reserved 1048576K
GC Heap History (10 events):
Event: 3.671 GC heap before
{Heap before GC invocations=46 (full 1):
 def new generation   total 4992K, used 4609K [0x00000000e0000000, 0x00000000e0560000, 0x00000000eaaa0000)
  eden space 4480K, 100% used [0x00000000e0000000, 0x00000000e0460000, 0x00000000e0460000)
  from space 512K,  25% used [0x00000000e0460000, 0x00000000e04805d8, 0x00000000e04e0000)
  to   space 512K,   0% used [0x00000000e04e0000, 0x00000000e04e0000, 0x00000000e0560000)
 tenured generation   total 10944K, used 8582K [0x00000000eaaa0000, 0x00000000eb550000, 0x0000000100000000)
   the space 10944K,  78% used [0x00000000eaaa0000, 0x00000000eb301818, 0x00000000eb301a00, 0x00000000eb550000)
 Metaspace       used 24137K, capacity 24446K, committed 24704K, reserved 1071104K
  class space    used 2808K, capacity 2908K, committed 2944K, reserved 1048576K
Event: 3.673 GC heap after
Heap after GC invocations=47 (full 1):
 def new generation   total 4992K, used 249K [0x00000000e0000000, 0x00000000e0560000, 0x00000000eaaa0000)
  eden space 4480K,   0% used [0x00000000e0000000, 0x00000000e0000000, 0x00000000e0460000)
  from space 512K,  48% used [0x00000000e04e0000, 0x00000000e051e6f8, 0x00000000e0560000)
  to   space 512K,   0% used [0x00000000e0460000, 0x00000000e0460000, 0x00000000e04e0000)
 tenured generation   total 10944K, used 8582K [0x00000000eaaa0000, 0x00000000eb550000, 0x0000000100000000)
   the space 10944K,  78% used [0x00000000eaaa0000, 0x00000000eb301818, 0x00000000eb301a00, 0x00000000eb550000)
 Metaspace       used 24137K, capacity 24446K, committed 24704K, reserved 1071104K
  class space    used 2808K, capacity 2908K, committed 2944K, reserved 1048576K
}
Event: 3.714 GC heap before
{Heap before GC invocations=47 (full 1):
 def new generation   total 4992K, used 4724K [0x00000000e0000000, 0x00000000e0560000, 0x00000000eaaa0000)
  eden space 4480K,  99% used [0x00000000e0000000, 0x00000000e045e9e8, 0x00000000e0460000)
  from space 512K,  48% used [0x00000000e04e0000, 0x00000000e051e6f8, 0x00000000e0560000)
  to   space 512K,   0% used [0x00000000e0460000, 0x00000000e0460000, 0x00000000e04e0000)
 tenured generation   total 10944K, used 8582K [0x00000000eaaa0000, 0x00000000eb550000, 0x0000000100000000)
   the space 10944K,  78% used [0x00000000eaaa0000, 0x00000000eb301818, 0x00000000eb301a00, 0x00000000eb550000)
 Metaspace       used 24240K, capacity 24542K, committed 24704K, reserved 1071104K
  class space    used 2820K, capacity 2940K, committed 2944K, reserved 1048576K
Event: 3.716 GC heap after
Heap after GC invocations=48 (full 1):
 def new generation   total 4992K, used 451K [0x00000000e0000000, 0x00000000e0560000, 0x00000000eaaa0000)
  eden space 4480K,   0% used [0x00000000e0000000, 0x00000000e0000000, 0x00000000e0460000)
  from space 512K,  88% used [0x00000000e0460000, 0x00000000e04d0c28, 0x00000000e04e0000)
  to   space 512K,   0% used [0x00000000e04e0000, 0x00000000e04e0000, 0x00000000e0560000)
 tenured generation   total 10944K, used 8582K [0x00000000eaaa0000, 0x00000000eb550000, 0x0000000100000000)
   the space 10944K,  78% used [0x00000000eaaa0000, 0x00000000eb301818, 0x00000000eb301a00, 0x00000000eb550000)
 Metaspace       used 24240K, capacity 24542K, committed 24704K, reserved 1071104K
  class space    used 2820K, capacity 2940K, committed 2944K, reserved 1048576K
}
Event: 3.762 GC heap before
{Heap before GC invocations=48 (full 1):
 def new generation   total 4992K, used 4931K [0x00000000e0000000, 0x00000000e0560000, 0x00000000eaaa0000)
  eden space 4480K, 100% used [0x00000000e0000000, 0x00000000e0460000, 0x00000000e0460000)
  from space 512K,  88% used [0x00000000e0460000, 0x00000000e04d0c28, 0x00000000e04e0000)
  to   space 512K,   0% used [0x00000000e04e0000, 0x00000000e04e0000, 0x00000000e0560000)
 tenured generation   total 10944K, used 8582K [0x00000000eaaa0000, 0x00000000eb550000, 0x0000000100000000)
   the space 10944K,  78% used [0x00000000eaaa0000, 0x00000000eb301818, 0x00000000eb301a00, 0x00000000eb550000)
 Metaspace       used 24385K, capacity 24606K, committed 24704K, reserved 1071104K
  class space    used 2840K, capacity 2940K, committed 2944K, reserved 1048576K
Event: 3.764 GC heap after
Heap after GC invocations=49 (full 1):
 def new generation   total 4992K, used 181K [0x00000000e0000000, 0x00000000e0560000, 0x00000000eaaa0000)
  eden space 4480K,   0% used [0x00000000e0000000, 0x00000000e0000000, 0x00000000e0460000)
  from space 512K,  35% used [0x00000000e04e0000, 0x00000000e050d5d8, 0x00000000e0560000)
  to   space 512K,   0% used [0x00000000e0460000, 0x00000000e0460000, 0x00000000e04e0000)
 tenured generation   total 10944K, used 8818K [0x00000000eaaa0000, 0x00000000eb550000, 0x0000000100000000)
   the space 10944K,  80% used [0x00000000eaaa0000, 0x00000000eb33cbe8, 0x00000000eb33cc00, 0x00000000eb550000)
 Metaspace       used 24385K, capacity 24606K, committed 24704K, reserved 1071104K
  class space    used 2840K, capacity 2940K, committed 2944K, reserved 1048576K
}
Event: 3.832 GC heap before
{Heap before GC invocations=49 (full 1):
 def new generation   total 4992K, used 4661K [0x00000000e0000000, 0x00000000e0560000, 0x00000000eaaa0000)
  eden space 4480K, 100% used [0x00000000e0000000, 0x00000000e0460000, 0x00000000e0460000)
  from space 512K,  35% used [0x00000000e04e0000, 0x00000000e050d5d8, 0x00000000e0560000)
  to   space 512K,   0% used [0x00000000e0460000, 0x00000000e0460000, 0x00000000e04e0000)
 tenured generation   total 10944K, used 8818K [0x00000000eaaa0000, 0x00000000eb550000, 0x0000000100000000)
   the space 10944K,  80% used [0x00000000eaaa0000, 0x00000000eb33cbe8, 0x00000000eb33cc00, 0x00000000eb550000)
 Metaspace       used 24697K, capacity 24958K, committed 25344K, reserved 1071104K
  class space    used 2879K, capacity 2972K, committed 3072K, reserved 1048576K
Event: 3.834 GC heap after
Heap after GC invocations=50 (full 1):
 def new generation   total 4992K, used 339K [0x00000000e0000000, 0x00000000e0560000, 0x00000000eaaa0000)
  eden space 4480K,   0% used [0x00000000e0000000, 0x00000000e0000000, 0x00000000e0460000)
  from space 512K,  66% used [0x00000000e0460000, 0x00000000e04b4f70, 0x00000000e04e0000)
  to   space 512K,   0% used [0x00000000e04e0000, 0x00000000e04e0000, 0x00000000e0560000)
 tenured generation   total 10944K, used 8818K [0x00000000eaaa0000, 0x00000000eb550000, 0x0000000100000000)
   the space 10944K,  80% used [0x00000000eaaa0000, 0x00000000eb33cbe8, 0x00000000eb33cc00, 0x00000000eb550000)
 Metaspace       used 24697K, capacity 24958K, committed 25344K, reserved 1071104K
  class space    used 2879K, capacity 2972K, committed 3072K, reserved 1048576K
}
Event: 3.842 GC heap before
{Heap before GC invocations=50 (full 1):
 def new generation   total 4992K, used 910K [0x00000000e0000000, 0x00000000e0560000, 0x00000000eaaa0000)
  eden space 4480K,  12% used [0x00000000e0000000, 0x00000000e008e9b0, 0x00000000e0460000)
  from space 512K,  66% used [0x00000000e0460000, 0x00000000e04b4f70, 0x00000000e04e0000)
  to   space 512K,   0% used [0x00000000e04e0000, 0x00000000e04e0000, 0x00000000e0560000)
 tenured generation   total 10944K, used 8818K [0x00000000eaaa0000, 0x00000000eb550000, 0x0000000100000000)
   the space 10944K,  80% used [0x00000000eaaa0000, 0x00000000eb33cbe8, 0x00000000eb33cc00, 0x00000000eb550000)
 Metaspace       used 24728K, capacity 24958K, committed 25344K, reserved 1071104K
  class space    used 2884K, capacity 2972K, committed 3072K, reserved 1048576K
Event: 3.869 GC heap after
Heap after GC invocations=51 (full 2):
 def new generation   total 5824K, used 0K [0x00000000e0000000, 0x00000000e0650000, 0x00000000eaaa0000)
  eden space 5184K,   0% used [0x00000000e0000000, 0x00000000e0000000, 0x00000000e0510000)
  from space 640K,   0% used [0x00000000e0510000, 0x00000000e0510000, 0x00000000e05b0000)
  to   space 640K,   0% used [0x00000000e05b0000, 0x00000000e05b0000, 0x00000000e0650000)
 tenured generation   total 12868K, used 7718K [0x00000000eaaa0000, 0x00000000eb731000, 0x0000000100000000)
   the space 12868K,  59% used [0x00000000eaaa0000, 0x00000000eb229bf0, 0x00000000eb229c00, 0x00000000eb731000)
 Metaspace       used 24728K, capacity 24958K, committed 25344K, reserved 1071104K
  class space    used 2884K, capacity 2972K, committed 3072K, reserved 1048576K
}

