# JRE version: Java(TM) SE Runtime Environment (8.0_181-b13) (build 1.8.0_181-b13)
# Java VM: Java HotSpot(TM) 64-Bit Server VM (25.181-b13 mixed mode linux-amd64 compressed oops)
Heap:
 def new generation   total 5888K, used 0K [0x00000000e0000000, 0x00000000e0660000, 0x00000000eaaa0000)
  eden space 5248K,   0% used [0x00000000e0000000, 0x00000000e0000000, 0x00000000e0520000)
  from space 640K,   0% used [0x00000000e0520000, 0x00000000e0520000, 0x00000000e05c0000)
  to   space 640K,   0% used [0x00000000e05c0000, 0x00000000e05c0000, 0x00000000e0660000)
 tenured generation   total 12940K, used 7763K [0x00000000eaaa0000, 0x00000000eb743000, 0x0000000100000000)
   the space 12940K,  59% used [0x00000000eaaa0000, 0x00000000eb234f88, 0x00000000eb235000, 0x00000000eb743000)
 Metaspace       used 24715K, capacity 24958K, committed 25344K, reserved 1071104K
  class space    used 2883K, capacity 2972K, committed 3072K, reserved 1048576K
GC Heap History (10 events):
Event: 3.779 GC heap before
{Heap before GC invocations=46 (full 1):
 def new generation   total 4992K, used 4607K [0x00000000e0000000, 0x00000000e0560000, 0x00000000eaaa0000)
  eden space 4480K,  99% used [0x00000000e0000000, 0x00000000e045fc88, 0x00000000e0460000)
  from space 512K,  25% used [0x00000000e0460000, 0x00000000e0480048, 0x00000000e04e0000)
  to   space 512K,   0% used [0x00000000e04e0000, 0x00000000e04e0000, 0x00000000e0560000)
 tenured generation   total 10944K, used 8759K [0x00000000eaaa0000, 0x00000000eb550000, 0x0000000100000000)
   the space 10944K,  80% used [0x00000000eaaa0000, 0x00000000eb32de40, 0x00000000eb32e000, 0x00000000eb550000)
 Metaspace       used 24121K, capacity 24318K, committed 24448K, reserved 1071104K
  class space    used 2808K, capacity 2908K, committed 2944K, reserved 1048576K
Event: 3.780 GC heap after
Heap after GC invocations=47 (full 1):
 def new generation   total 4992K, used 299K [0x00000000e0000000, 0x00000000e0560000, 0x00000000eaaa0000)
  eden space 4480K,   0% used [0x00000000e0000000, 0x00000000e0000000, 0x00000000e0460000)
  from space 512K,  58% used [0x00000000e04e0000, 0x00000000e052afe8, 0x00000000e0560000)
  to   space 512K,   0% used [0x00000000e0460000, 0x00000000e0460000, 0x00000000e04e0000)
 tenured generation   total 10944K, used 8759K [0x00000000eaaa0000, 0x00000000eb550000, 0x0000000100000000)
   the space 10944K,  80% used [0x00000000eaaa0000, 0x00000000eb32de40, 0x00000000eb32e000, 0x00000000eb550000)
 Metaspace       used 24121K, capacity 24318K, committed 24448K, reserved 1071104K
  class space    used 2808K, capacity 2908K, committed 2944K, reserved 1048576K
}
Event: 3.826 GC heap before
{Heap before GC invocations=47 (full 1):
 def new generation   total 4992K, used 4779K [0x00000000e0000000, 0x00000000e0560000, 0x00000000eaaa0000)
  eden space 4480K, 100% used [0x00000000e0000000, 0x00000000e0460000, 0x00000000e0460000)
  from space 512K,  58% used [0x00000000e04e0000, 0x00000000e052afe8, 0x00000000e0560000)
  to   space 512K,   0% used [0x00000000e0460000, 0x00000000e0460000, 0x00000000e04e0000)
 tenured generation   total 10944K, used 8759K [0x00000000eaaa0000, 0x00000000eb550000, 0x0000000100000000)
   the space 10944K,  80% used [0x00000000eaaa0000, 0x00000000eb32de40, 0x00000000eb32e000, 0x00000000eb550000)
 Metaspace       used 24224K, capacity 24478K, committed 24704K, reserved 1071104K
  class space    used 2820K, capacity 2940K, committed 2944K, reserved 1048576K
Event: 3.828 GC heap after
Heap after GC invocations=48 (full 1):
 def new generation   total 4992K, used 476K [0x00000000e0000000, 0x00000000e0560000, 0x00000000eaaa0000)
  eden space 4480K,   0% used [0x00000000e0000000, 0x00000000e0000000, 0x00000000e0460000)
  from space 512K,  93% used [0x00000000e0460000, 0x00000000e04d72f8, 0x00000000e04e0000)
  to   space 512K,   0% used [0x00000000e04e0000, 0x00000000e04e0000, 0x00000000e0560000)
 tenured generation   total 10944K, used 8811K [0x00000000eaaa0000, 0x00000000eb550000, 0x0000000100000000)
   the space 10944K,  80% used [0x00000000eaaa0000, 0x00000000eb33ac58, 0x00000000eb33ae00, 0x00000000eb550000)
 Metaspace       used 24224K, capacity 24478K, committed 24704K, reserved 1071104K
  class space    used 2820K, capacity 2940K, committed 2944K, reserved 1048576K
}
Event: 3.875 GC heap before
{Heap before GC invocations=48 (full 1):
 def new generation   total 4992K, used 4956K [0x00000000e0000000, 0x00000000e0560000, 0x00000000eaaa0000)
  eden space 4480K, 100% used [0x00000000e0000000, 0x00000000e0460000, 0x00000000e0460000)
  from space 512K,  93% used [0x00000000e0460000, 0x00000000e04d72f8, 0x00000000e04e0000)
  to   space 512K,   0% used [0x00000000e04e0000, 0x00000000e04e0000, 0x00000000e0560000)
 tenured generation   total 10944K, used 8811K [0x00000000eaaa0000, 0x00000000eb550000, 0x0000000100000000)
   the space 10944K,  80% used [0x00000000eaaa0000, 0x00000000eb33ac58, 0x00000000eb33ae00, 0x00000000eb550000)
 Metaspace       used 24373K, capacity 24606K, committed 24704K, reserved 1071104K
  class space    used 2841K, capacity 2940K, committed 2944K, reserved 1048576K
Event: 3.877 GC heap after
Heap after GC invocations=49 (full 1):
 def new generation   total 4992K, used 184K [0x00000000e0000000, 0x00000000e0560000, 0x00000000eaaa0000)
  eden space 4480K,   0% used [0x00000000e0000000, 0x00000000e0000000, 0x00000000e0460000)
  from space 512K,  36% used [0x00000000e04e0000, 0x00000000e050e3d0, 0x00000000e0560000)
  to   space 512K,   0% used [0x00000000e0460000, 0x00000000e0460000, 0x00000000e04e0000)
 tenured generation   total 10944K, used 8994K [0x00000000eaaa0000, 0x00000000eb550000, 0x0000000100000000)
   the space 10944K,  82% used [0x00000000eaaa0000, 0x00000000eb368a50, 0x00000000eb368c00, 0x00000000eb550000)
 Metaspace       used 24373K, capacity 24606K, committed 24704K, reserved 1071104K
  class space    used 2841K, capacity 2940K, committed 2944K, reserved 1048576K
}
Event: 3.974 GC heap before
{Heap before GC invocations=49 (full 1):
 def new generation   total 4992K, used 4664K [0x00000000e0000000, 0x00000000e0560000, 0x00000000eaaa0000)
  eden space 4480K, 100% used [0x00000000e0000000, 0x00000000e0460000, 0x00000000e0460000)
  from space 512K,  36% used [0x00000000e04e0000, 0x00000000e050e3d0, 0x00000000e0560000)
  to   space 512K,   0% used [0x00000000e0460000, 0x00000000e0460000, 0x00000000e04e0000)
 tenured generation   total 10944K, used 8994K [0x00000000eaaa0000, 0x00000000eb550000, 0x0000000100000000)
   the space 10944K,  82% used [0x00000000eaaa0000, 0x00000000eb368a50, 0x00000000eb368c00, 0x00000000eb550000)
 Metaspace       used 24684K, capacity 24958K, committed 25344K, reserved 1071104K
  class space    used 2878K, capacity 2972K, committed 3072K, reserved 1048576K
Event: 3.976 GC heap after
Heap after GC invocations=50 (full 1):
 def new generation   total 4992K, used 337K [0x00000000e0000000, 0x00000000e0560000, 0x00000000eaaa0000)
  eden space 4480K,   0% used [0x00000000e0000000, 0x00000000e0000000, 0x00000000e0460000)
  from space 512K,  65% used [0x00000000e0460000, 0x00000000e04b47a0, 0x00000000e04e0000)
  to   space 512K,   0% used [0x00000000e04e0000, 0x00000000e04e0000, 0x00000000e0560000)
 tenured generation   total 10944K, used 8994K [0x00000000eaaa0000, 0x00000000eb550000, 0x0000000100000000)
   the space 10944K,  82% used [0x00000000eaaa0000, 0x00000000eb368a50, 0x00000000eb368c00, 0x00000000eb550000)
 Metaspace       used 24684K, capacity 24958K, committed 25344K, reserved 1071104K
  class space    used 2878K, capacity 2972K, committed 3072K, reserved 1048576K
}
Event: 3.986 GC heap before
{Heap before GC invocations=50 (full 1):
 def new generation   total 4992K, used 848K [0x00000000e0000000, 0x00000000e0560000, 0x00000000eaaa0000)
  eden space 4480K,  11% used [0x00000000e0000000, 0x00000000e007fc00, 0x00000000e0460000)
  from space 512K,  65% used [0x00000000e0460000, 0x00000000e04b47a0, 0x00000000e04e0000)
  to   space 512K,   0% used [0x00000000e04e0000, 0x00000000e04e0000, 0x00000000e0560000)
 tenured generation   total 10944K, used 8994K [0x00000000eaaa0000, 0x00000000eb550000, 0x0000000100000000)
   the space 10944K,  82% used [0x00000000eaaa0000, 0x00000000eb368a50, 0x00000000eb368c00, 0x00000000eb550000)
 Metaspace       used 24715K, capacity 24958K, committed 25344K, reserved 1071104K
  class space    used 2883K, capacity 2972K, committed 3072K, reserved 1048576K
Event: 4.008 GC heap after
Heap after GC invocations=51 (full 2):
 def new generation   total 5888K, used 0K [0x00000000e0000000, 0x00000000e0660000, 0x00000000eaaa0000)
  eden space 5248K,   0% used [0x00000000e0000000, 0x00000000e0000000, 0x00000000e0520000)
  from space 640K,   0% used [0x00000000e0520000, 0x00000000e0520000, 0x00000000e05c0000)
  to   space 640K,   0% used [0x00000000e05c0000, 0x00000000e05c0000, 0x00000000e0660000)
 tenured generation   total 12940K, used 7763K [0x00000000eaaa0000, 0x00000000eb743000, 0x0000000100000000)
   the space 12940K,  59% used [0x00000000eaaa0000, 0x00000000eb234f88, 0x00000000eb235000, 0x00000000eb743000)
 Metaspace       used 24715K, capacity 24958K, committed 25344K, reserved 1071104K
  class space    used 2883K, capacity 2972K, committed 3072K, reserved 1048576K
}

