# JRE version: Java(TM) SE Runtime Environment (8.0_181-b13) (build 1.8.0_181-b13)
# Java VM: Java HotSpot(TM) 64-Bit Server VM (25.181-b13 mixed mode linux-amd64 compressed oops)
Heap:
 def new generation   total 5824K, used 0K [0x00000000e0000000, 0x00000000e0650000, 0x00000000eaaa0000)
  eden space 5184K,   0% used [0x00000000e0000000, 0x00000000e0000000, 0x00000000e0510000)
  from space 640K,   0% used [0x00000000e0510000, 0x00000000e0510000, 0x00000000e05b0000)
  to   space 640K,   0% used [0x00000000e05b0000, 0x00000000e05b0000, 0x00000000e0650000)
 tenured generation   total 12836K, used 7701K [0x00000000eaaa0000, 0x00000000eb729000, 0x0000000100000000)
   the space 12836K,  59% used [0x00000000eaaa0000, 0x00000000eb225578, 0x00000000eb225600, 0x00000000eb729000)
 Metaspace       used 24689K, capacity 24958K, committed 25344K, reserved 1071104K
  class space    used 2885K, capacity 2972K, committed 3072K, reserved 1048576K
GC Heap History (10 events):
Event: 3.658 GC heap before
{Heap before GC invocations=46 (full 1):
 def new generation   total 4992K, used 4651K [0x00000000e0000000, 0x00000000e0560000, 0x00000000eaaa0000)
  eden space 4480K, 100% used [0x00000000e0000000, 0x00000000e0460000, 0x00000000e0460000)
  from space 512K,  33% used [0x00000000e0460000, 0x00000000e048ad98, 0x00000000e04e0000)
  to   space 512K,   0% used [0x00000000e04e0000, 0x00000000e04e0000, 0x00000000e0560000)
 tenured generation   total 10944K, used 9575K [0x00000000eaaa0000, 0x00000000eb550000, 0x0000000100000000)
   the space 10944K,  87% used [0x00000000eaaa0000, 0x00000000eb3f9cb0, 0x00000000eb3f9e00, 0x00000000eb550000)
 Metaspace       used 24131K, capacity 24414K, committed 24704K, reserved 1071104K
  class space    used 2812K, capacity 2940K, committed 2944K, reserved 1048576K
Event: 3.660 GC heap after
Heap after GC invocations=47 (full 1):
 def new generation   total 4992K, used 287K [0x00000000e0000000, 0x00000000e0560000, 0x00000000eaaa0000)
  eden space 4480K,   0% used [0x00000000e0000000, 0x00000000e0000000, 0x00000000e0460000)
  from space 512K,  56% used [0x00000000e04e0000, 0x00000000e0527e38, 0x00000000e0560000)
  to   space 512K,   0% used [0x00000000e0460000, 0x00000000e0460000, 0x00000000e04e0000)
 tenured generation   total 10944K, used 9575K [0x00000000eaaa0000, 0x00000000eb550000, 0x0000000100000000)
   the space 10944K,  87% used [0x00000000eaaa0000, 0x00000000eb3f9cb0, 0x00000000eb3f9e00, 0x00000000eb550000)
 Metaspace       used 24131K, capacity 24414K, committed 24704K, reserved 1071104K
  class space    used 2812K, capacity 2940K, committed 2944K, reserved 1048576K
}
Event: 3.700 GC heap before
{Heap before GC invocations=47 (full 1):
 def new generation   total 4992K, used 4767K [0x00000000e0000000, 0x00000000e0560000, 0x00000000eaaa0000)
  eden space 4480K, 100% used [0x00000000e0000000, 0x00000000e0460000, 0x00000000e0460000)
  from space 512K,  56% used [0x00000000e04e0000, 0x00000000e0527e38, 0x00000000e0560000)
  to   space 512K,   0% used [0x00000000e0460000, 0x00000000e0460000, 0x00000000e04e0000)
 tenured generation   total 10944K, used 9575K [0x00000000eaaa0000, 0x00000000eb550000, 0x0000000100000000)
   the space 10944K,  87% used [0x00000000eaaa0000, 0x00000000eb3f9cb0, 0x00000000eb3f9e00, 0x00000000eb550000)
 Metaspace       used 24199K, capacity 24478K, committed 24704K, reserved 1071104K
  class space    used 2822K, capacity 2940K, committed 2944K, reserved 1048576K
Event: 3.702 GC heap after
Heap after GC invocations=48 (full 1):
 def new generation   total 4992K, used 511K [0x00000000e0000000, 0x00000000e0560000, 0x00000000eaaa0000)
  eden space 4480K,   0% used [0x00000000e0000000, 0x00000000e0000000, 0x00000000e0460000)
  from space 512K,  99% used [0x00000000e0460000, 0x00000000e04dff88, 0x00000000e04e0000)
  to   space 512K,   0% used [0x00000000e04e0000, 0x00000000e04e0000, 0x00000000e0560000)
 tenured generation   total 10944K, used 9652K [0x00000000eaaa0000, 0x00000000eb550000, 0x0000000100000000)
   the space 10944K,  88% used [0x00000000eaaa0000, 0x00000000eb40d130, 0x00000000eb40d200, 0x00000000eb550000)
 Metaspace       used 24199K, capacity 24478K, committed 24704K, reserved 1071104K
  class space    used 2822K, capacity 2940K, committed 2944K, reserved 1048576K
}
Event: 3.746 GC heap before
{Heap before GC invocations=48 (full 1):
 def new generation   total 4992K, used 4991K [0x00000000e0000000, 0x00000000e0560000, 0x00000000eaaa0000)
  eden space 4480K, 100% used [0x00000000e0000000, 0x00000000e0460000, 0x00000000e0460000)
  from space 512K,  99% used [0x00000000e0460000, 0x00000000e04dff88, 0x00000000e04e0000)
  to   space 512K,   0% used [0x00000000e04e0000, 0x00000000e04e0000, 0x00000000e0560000)
 tenured generation   total 10944K, used 9652K [0x00000000eaaa0000, 0x00000000eb550000, 0x0000000100000000)
   the space 10944K,  88% used [0x00000000eaaa0000, 0x00000000eb40d130, 0x00000000eb40d200, 0x00000000eb550000)
 Metaspace       used 24348K, capacity 24542K, committed 24704K, reserved 1071104K
  class space    used 2844K, capacity 2940K, committed 2944K, reserved 1048576K
Event: 3.749 GC heap after
Heap after GC invocations=49 (full 1):
 def new generation   total 4992K, used 185K [0x00000000e0000000, 0x00000000e0560000, 0x00000000eaaa0000)
  eden space 4480K,   0% used [0x00000000e0000000, 0x00000000e0000000, 0x00000000e0460000)
  from space 512K,  36% used [0x00000000e04e0000, 0x00000000e050e470, 0x00000000e0560000)
  to   space 512K,   0% used [0x00000000e0460000, 0x00000000e0460000, 0x00000000e04e0000)
 tenured generation   total 10944K, used 9836K [0x00000000eaaa0000, 0x00000000eb550000, 0x0000000100000000)
   the space 10944K,  89% used [0x00000000eaaa0000, 0x00000000eb43b060, 0x00000000eb43b200, 0x00000000eb550000)
 Metaspace       used 24348K, capacity 24542K, committed 24704K, reserved 1071104K
  class space    used 2844K, capacity 2940K, committed 2944K, reserved 1048576K
}
Event: 3.818 GC heap before
{Heap before GC invocations=49 (full 1):
 def new generation   total 4992K, used 4665K [0x00000000e0000000, 0x00000000e0560000, 0x00000000eaaa0000)
  eden space 4480K, 100% used [0x00000000e0000000, 0x00000000e0460000, 0x00000000e0460000)
  from space 512K,  36% used [0x00000000e04e0000, 0x00000000e050e470, 0x00000000e0560000)
  to   space 512K,   0% used [0x00000000e0460000, 0x00000000e0460000, 0x00000000e04e0000)
 tenured generation   total 10944K, used 9836K [0x00000000eaaa0000, 0x00000000eb550000, 0x0000000100000000)
   the space 10944K,  89% used [0x00000000eaaa0000, 0x00000000eb43b060, 0x00000000eb43b200, 0x00000000eb550000)
 Metaspace       used 24658K, capacity 24958K, committed 25344K, reserved 1071104K
  class space    used 2881K, capacity 2972K, committed 3072K, reserved 1048576K
Event: 3.820 GC heap after
Heap after GC invocations=50 (full 1):
 def new generation   total 4992K, used 337K [0x00000000e0000000, 0x00000000e0560000, 0x00000000eaaa0000)
  eden space 4480K,   0% used [0x00000000e0000000, 0x00000000e0000000, 0x00000000e0460000)
  from space 512K,  65% used [0x00000000e0460000, 0x00000000e04b4770, 0x00000000e04e0000)
  to   space 512K,   0% used [0x00000000e04e0000, 0x00000000e04e0000, 0x00000000e0560000)
 tenured generation   total 10944K, used 9836K [0x00000000eaaa0000, 0x00000000eb550000, 0x0000000100000000)
   the space 10944K,  89% used [0x00000000eaaa0000, 0x00000000eb43b060, 0x00000000eb43b200, 0x00000000eb550000)
 Metaspace       used 24658K, capacity 24958K, committed 25344K, reserved 1071104K
  class space    used 2881K, capacity 2972K, committed 3072K, reserved 1048576K
}
Event: 3.830 GC heap before
{Heap before GC invocations=50 (full 1):
 def new generation   total 4992K, used 851K [0x00000000e0000000, 0x00000000e0560000, 0x00000000eaaa0000)
  eden space 4480K,  11% used [0x00000000e0000000, 0x00000000e0080620, 0x00000000e0460000)
  from space 512K,  65% used [0x00000000e0460000, 0x00000000e04b4770, 0x00000000e04e0000)
  to   space 512K,   0% used [0x00000000e04e0000, 0x00000000e04e0000, 0x00000000e0560000)
 tenured generation   total 10944K, used 9836K [0x00000000eaaa0000, 0x00000000eb550000, 0x0000000100000000)
   the space 10944K,  89% used [0x00000000eaaa0000, 0x00000000eb43b060, 0x00000000eb43b200, 0x00000000eb550000)
 Metaspace       used 24689K, capacity 24958K, committed 25344K, reserved 1071104K
  class space    used 2885K, capacity 2972K, committed 3072K, reserved 1048576K
Event: 3.860 GC heap after
Heap after GC invocations=51 (full 2):
 def new generation   total 5824K, used 0K [0x00000000e0000000, 0x00000000e0650000, 0x00000000eaaa0000)
  eden space 5184K,   0% used [0x00000000e0000000, 0x00000000e0000000, 0x00000000e0510000)
  from space 640K,   0% used [0x00000000e0510000, 0x00000000e0510000, 0x00000000e05b0000)
  to   space 640K,   0% used [0x00000000e05b0000, 0x00000000e05b0000, 0x00000000e0650000)
 tenured generation   total 12836K, used 7701K [0x00000000eaaa0000, 0x00000000eb729000, 0x0000000100000000)
   the space 12836K,  59% used [0x00000000eaaa0000, 0x00000000eb225578, 0x00000000eb225600, 0x00000000eb729000)
 Metaspace       used 24689K, capacity 24958K, committed 25344K, reserved 1071104K
  class space    used 2885K, capacity 2972K, committed 3072K, reserved 1048576K
}

